Build started 1/21/2016 9:34:35 PM.
     1>Project "C:\Users\runbobby\Documents\a3\a3.vcxproj" on node 2 (build target(s)).
     1>InitializeBuildStatus:
         Creating "Debug\a3.unsuccessfulbuild" because "AlwaysCreate" was specified.
       ClCompile:
         c:\Program Files (x86)\Microsoft Visual Studio 10.0\VC\bin\CL.exe /c /IGL /Ivecmath\include /Zi /nologo /W3 /WX- /Od /Oy- /D WIN32 /D _DEBUG /D _CONSOLE /Gm /EHsc /RTC1 /MDd /GS /fp:precise /Zc:wchar_t /Zc:forScope /Fo"Debug\\" /Fd"Debug\vc100.pdb" /Gd /TP /analyze- /errorReport:prompt camera.cpp ClothSystem.cpp main.cpp particleSystem.cpp pendulumSystem.cpp simpleSystem.cpp TimeStepper.cpp vecmath\src\Matrix2f.cpp vecmath\src\Matrix3f.cpp vecmath\src\Matrix4f.cpp vecmath\src\Quat4f.cpp vecmath\src\Vector2f.cpp vecmath\src\Vector3f.cpp vecmath\src\Vector4f.cpp
         Vector4f.cpp
         Vector3f.cpp
         Vector2f.cpp
         Quat4f.cpp
         Matrix4f.cpp
         Matrix3f.cpp
         Matrix2f.cpp
         TimeStepper.cpp
     1>TimeStepper.cpp(9): warning C4018: '<' : signed/unsigned mismatch
     1>TimeStepper.cpp(24): warning C4018: '<' : signed/unsigned mismatch
     1>TimeStepper.cpp(30): warning C4018: '<' : signed/unsigned mismatch
         simpleSystem.cpp
     1>simpleSystem.cpp(28): warning C4244: 'argument' : conversion from 'double' to 'GLint', possible loss of data
     1>simpleSystem.cpp(28): warning C4244: 'argument' : conversion from 'double' to 'GLint', possible loss of data
         pendulumSystem.cpp
         particleSystem.cpp
         main.cpp
     1>main.cpp(62): warning C4244: 'argument' : conversion from 'time_t' to 'unsigned int', possible loss of data
     1>main.cpp(90): warning C4244: 'argument' : conversion from 'float' to 'GLint', possible loss of data
     1>main.cpp(90): warning C4244: 'argument' : conversion from 'float' to 'GLint', possible loss of data
     1>main.cpp(189): warning C4060: switch statement contains no 'case' or 'default' labels
         ClothSystem.cpp
     1>ClothSystem.cpp(16): warning C4552: '/' : operator has no effect; expected operator with side-effect
     1>ClothSystem.cpp(41): warning C4554: '&' : check operator precedence for possible error; use parentheses to clarify precedence
     1>ClothSystem.cpp(42): warning C4554: '&' : check operator precedence for possible error; use parentheses to clarify precedence
     1>ClothSystem.cpp(96): warning C4018: '<' : signed/unsigned mismatch
         camera.cpp
     1>camera.cpp(136): warning C4244: '=' : conversion from 'double' to 'float', possible loss of data
     1>camera.cpp(137): warning C4244: '=' : conversion from 'double' to 'float', possible loss of data
         Generating Code...
       ManifestResourceCompile:
         C:\Program Files (x86)\Microsoft SDKs\Windows\v7.0A\bin\rc.exe /nologo /fo"Debug\a3.exe.embed.manifest.res" Debug\a3_manifest.rc 
       Link:
         c:\Program Files (x86)\Microsoft Visual Studio 10.0\VC\bin\link.exe /ERRORREPORT:PROMPT /OUT:"C:\Users\runbobby\Documents\a3\Debug\a3.exe" /INCREMENTAL /NOLOGO RK4D.lib freeglut.lib kernel32.lib user32.lib gdi32.lib winspool.lib comdlg32.lib advapi32.lib shell32.lib ole32.lib oleaut32.lib uuid.lib odbc32.lib odbccp32.lib kernel32.lib user32.lib gdi32.lib winspool.lib comdlg32.lib advapi32.lib shell32.lib ole32.lib oleaut32.lib uuid.lib odbc32.lib odbccp32.lib /MANIFEST /ManifestFile:"Debug\a3.exe.intermediate.manifest" /MANIFESTUAC:"level='asInvoker' uiAccess='false'" /DEBUG /PDB:"C:\Users\runbobby\Documents\a3\Debug\a3.pdb" /SUBSYSTEM:CONSOLE /TLBID:1 /DYNAMICBASE /NXCOMPAT /IMPLIB:"C:\Users\runbobby\Documents\a3\Debug\a3.lib" /MACHINE:X86 Debug\a3.exe.embed.manifest.res
         Debug\camera.obj
         Debug\ClothSystem.obj
         Debug\main.obj
         Debug\particleSystem.obj
         Debug\pendulumSystem.obj
         Debug\simpleSystem.obj
         Debug\TimeStepper.obj
         Debug\Matrix2f.obj
         Debug\Matrix3f.obj
         Debug\Matrix4f.obj
         Debug\Quat4f.obj
         Debug\Vector2f.obj
         Debug\Vector3f.obj
         Debug\Vector4f.obj
     1>LINK : fatal error LNK1123: failure during conversion to COFF: file invalid or corrupt
     1>Done Building Project "C:\Users\runbobby\Documents\a3\a3.vcxproj" (build target(s)) -- FAILED.

Build FAILED.

Time Elapsed 00:00:04.56
